<?xml version="1.0" encoding="UTF-8"?>
<!-- Generated by org.testng.reporters.JUnitXMLReporter -->
<testsuite hostname="user-VAIO" ignored="0" name="Default test" tests="3" failures="0" timestamp="02 Jul 2018 20:58:27 GMT" time="0.33" errors="0">
  <testcase name="gmailLogin" time="0.02" classname="SeleniumFirstProject.SeleniumWDFirstProject.DataDrivenWithIntegerType"/>
  <testcase name="gmailLogin" time="0.0" classname="SeleniumFirstProject.SeleniumWDFirstProject.DataDrivenWithIntegerType"/>
  <testcase name="gmailLogin" time="0.0" classname="SeleniumFirstProject.SeleniumWDFirstProject.DataDrivenWithIntegerType"/>
</testsuite> <!-- Default test -->
