<?xml version="1.0" encoding="UTF-8"?>
<!-- Generated by org.testng.reporters.JUnitXMLReporter -->
<testsuite hostname="user-VAIO" ignored="0" name="MyFirstTest" tests="7" failures="0" timestamp="02 Jul 2018 17:21:27 GMT" time="0.108" errors="0">
  <testcase name="Test4" time="0.024" classname="SeleniumFirstProject.SeleniumWDFirstProject.ParellelTestExecutionInClasses"/>
  <testcase name="Test1" time="0.024" classname="SeleniumFirstProject.SeleniumWDFirstProject.ParellelTestExecutionInMethods"/>
  <testcase name="Test2" time="0.003" classname="SeleniumFirstProject.SeleniumWDFirstProject.ParellelTestExecutionInMethods"/>
  <testcase name="Test5" time="0.009" classname="SeleniumFirstProject.SeleniumWDFirstProject.ParellelTestExecutionInClasses"/>
  <testcase name="Test3" time="0.004" classname="SeleniumFirstProject.SeleniumWDFirstProject.ParellelTestExecutionInMethods"/>
  <testcase name="Test6" time="0.003" classname="SeleniumFirstProject.SeleniumWDFirstProject.ParellelTestExecutionInClasses"/>
  <testcase name="Test7" time="0.002" classname="SeleniumFirstProject.SeleniumWDFirstProject.ParellelTestExecutionInClasses"/>
</testsuite> <!-- MyFirstTest -->
