<?xml version="1.0" encoding="UTF-8"?>
<!-- Generated by org.testng.reporters.JUnitXMLReporter -->
<testsuite hostname="user-VAIO" ignored="0" name="MyFirstTest" tests="10" failures="1" timestamp="02 Jul 2018 16:13:49 GMT" time="71.702" errors="0">
  <testcase name="login" time="8.458" classname="SeleniumFirstProject.SeleniumWDFirstProject.TestNGConcept"/>
  <testcase name="NoFormatexceptionTest" time="0.003" classname="SeleniumFirstProject.SeleniumWDFirstProject.ExceptionTimeOutTest"/>
  <testcase name="enableTest" time="0.003" classname="SeleniumFirstProject.SeleniumWDFirstProject.ExceptionTimeOutTest"/>
  <testcase name="test1" time="0.005" classname="SeleniumFirstProject.SeleniumWDFirstProject.TestNGDependOnMenthod">
    <failure type="java.lang.ArithmeticException" message="/ by zero">
      <![CDATA[java.lang.ArithmeticException: / by zero
	at SeleniumFirstProject.SeleniumWDFirstProject.TestNGDependOnMenthod.test1(TestNGDependOnMenthod.java:9)
... Removed 25 stack frames]]>
    </failure>
  </testcase> <!-- test1 -->
  <testcase name="test2" time="0.0" classname="SeleniumFirstProject.SeleniumWDFirstProject.TestNGDependOnMenthod">
    <skipped/>
  </testcase> <!-- test2 -->
  <testcase name="getTitle" time="0.018" classname="SeleniumFirstProject.SeleniumWDFirstProject.GoogleTest"/>
  <testcase name="getTitle" time="0.016" classname="SeleniumFirstProject.SeleniumWDFirstProject.GoogleTest"/>
  <testcase name="getTitle" time="0.017" classname="SeleniumFirstProject.SeleniumWDFirstProject.GoogleTest"/>
  <testcase name="gmailLinkTest" time="0.095" classname="SeleniumFirstProject.SeleniumWDFirstProject.GoogleTest"/>
  <testcase name="googleLogoTest" time="0.088" classname="SeleniumFirstProject.SeleniumWDFirstProject.GoogleTest"/>
</testsuite> <!-- MyFirstTest -->
