<?xml version="1.0" encoding="UTF-8"?>
<testng-results skipped="0" failed="0" ignored="0" total="1" passed="1">
  <reporter-output>
  </reporter-output>
  <suite name="SeleniumFirstProject.SeleniumWDFirstProject.TestNGConcept" duration-ms="18910" started-at="2018-07-01T12:49:19Z" finished-at="2018-07-01T12:49:38Z">
    <groups>
    </groups>
    <test name="Command line test" duration-ms="18910" started-at="2018-07-01T12:49:19Z" finished-at="2018-07-01T12:49:38Z">
      <class name="SeleniumFirstProject.SeleniumWDFirstProject.TestNGConcept">
        <test-method status="PASS" signature="setup()[pri:0, instance:SeleniumFirstProject.SeleniumWDFirstProject.TestNGConcept@4411d970]" name="setup" is-config="true" duration-ms="363" started-at="2018-07-01T18:19:19Z" finished-at="2018-07-01T18:19:20Z">
          <reporter-output>
          </reporter-output>
        </test-method> <!-- setup -->
        <test-method status="PASS" signature="login()[pri:0, instance:SeleniumFirstProject.SeleniumWDFirstProject.TestNGConcept@4411d970]" name="login" duration-ms="16790" started-at="2018-07-01T18:19:20Z" finished-at="2018-07-01T18:19:36Z">
          <reporter-output>
          </reporter-output>
        </test-method> <!-- login -->
        <test-method status="PASS" signature="tearDown(org.testng.ITestResult)[pri:0, instance:SeleniumFirstProject.SeleniumWDFirstProject.TestNGConcept@4411d970]" name="tearDown" is-config="true" duration-ms="1703" started-at="2018-07-01T18:19:36Z" finished-at="2018-07-01T18:19:38Z">
          <params>
            <param index="0">
              <value>
                <![CDATA[[TestResult name=login status=SUCCESS method=TestNGConcept.login()[pri:0, instance:SeleniumFirstProject.SeleniumWDFirstProject.TestNGConcept@4411d970] output={null}]]]>
              </value>
            </param>
          </params>
          <reporter-output>
          </reporter-output>
        </test-method> <!-- tearDown -->
      </class> <!-- SeleniumFirstProject.SeleniumWDFirstProject.TestNGConcept -->
    </test> <!-- Command line test -->
  </suite> <!-- SeleniumFirstProject.SeleniumWDFirstProject.TestNGConcept -->
</testng-results>
